<?xml version="1.0" encoding="UTF-8"?>
<testng-results skipped="0" failed="0" total="3" passed="3">
  <reporter-output>
  </reporter-output>
  <suite name="Suite" duration-ms="42576" started-at="2020-11-12T05:44:32Z" finished-at="2020-11-12T05:45:14Z">
    <groups>
    </groups>
    <test name="Test1" duration-ms="14793" started-at="2020-11-12T05:44:32Z" finished-at="2020-11-12T05:44:46Z">
      <class name="org.pages.HpSearch">
        <test-method status="PASS" signature="browserLaunch(java.lang.String, java.lang.String)[pri:0, instance:org.pages.HpSearch@4c70fda8]" name="browserLaunch" duration-ms="14774" started-at="2020-11-12T11:14:32Z" finished-at="2020-11-12T11:14:46Z">
          <params>
            <param index="0">
              <value>
                <![CDATA[chrome]]>
              </value>
            </param>
            <param index="1">
              <value>
                <![CDATA[apple Iphone 12]]>
              </value>
            </param>
          </params>
          <reporter-output>
          </reporter-output>
        </test-method> <!-- browserLaunch -->
      </class> <!-- org.pages.HpSearch -->
    </test> <!-- Test1 -->
    <test name="Test2" duration-ms="12805" started-at="2020-11-12T05:44:46Z" finished-at="2020-11-12T05:44:59Z">
      <class name="org.pages.HpSearch">
        <test-method status="PASS" signature="browserLaunch(java.lang.String, java.lang.String)[pri:0, instance:org.pages.HpSearch@91161c7]" name="browserLaunch" duration-ms="12804" started-at="2020-11-12T11:14:46Z" finished-at="2020-11-12T11:14:59Z">
          <params>
            <param index="0">
              <value>
                <![CDATA[firefox]]>
              </value>
            </param>
            <param index="1">
              <value>
                <![CDATA[apple Iphone 12]]>
              </value>
            </param>
          </params>
          <reporter-output>
          </reporter-output>
        </test-method> <!-- browserLaunch -->
      </class> <!-- org.pages.HpSearch -->
    </test> <!-- Test2 -->
    <test name="Test3" duration-ms="14939" started-at="2020-11-12T05:44:59Z" finished-at="2020-11-12T05:45:14Z">
      <class name="org.pages.HpSearch">
        <test-method status="PASS" signature="browserLaunch(java.lang.String, java.lang.String)[pri:0, instance:org.pages.HpSearch@6093dd95]" name="browserLaunch" duration-ms="14937" started-at="2020-11-12T11:14:59Z" finished-at="2020-11-12T11:15:14Z">
          <params>
            <param index="0">
              <value>
                <![CDATA[edge]]>
              </value>
            </param>
            <param index="1">
              <value>
                <![CDATA[apple Iphone 12]]>
              </value>
            </param>
          </params>
          <reporter-output>
          </reporter-output>
        </test-method> <!-- browserLaunch -->
      </class> <!-- org.pages.HpSearch -->
    </test> <!-- Test3 -->
  </suite> <!-- Suite -->
</testng-results>
